2025-01-27 15:28:30 [INFO]: Server is running on port 3000
2025-01-27 15:28:30 [ERROR]: [sessionMiddleware > - redisClient.connect()] Error => Logger.info is not a function
2025-01-27 15:30:23 [INFO]: Server is running on port 3000
2025-01-27 15:30:23 [ERROR]: [sessionMiddleware > - redisClient.connect()] Error => Logger is not defined
2025-01-27 15:30:47 [INFO]: Server is running on port 3000
2025-01-27 15:30:47 [INFO]: [sessionMiddleware > - redisClient.connect()] => Redis client succesfully connected.
2025-01-27 16:42:37 [ERROR]: Validation errors: [{"type":"field","value":"Sandbad2","msg":"First name must only contain letters","path":"first_name","location":"body"},{"type":"field","value":"","msg":"Last name is required","path":"last_name","location":"body"},{"type":"field","value":"","msg":"Last name must only contain letters","path":"last_name","location":"body"},{"type":"field","value":"sandi-village.com","msg":"Invalid email format","path":"email","location":"body"},{"type":"field","value":"1111111","msg":"Passwords do not match","path":"repeat_password","location":"body"}]
2025-01-27 16:43:59 [INFO]: Incoming request to POST /users/signup
2025-01-27 16:43:59 [INFO]: Request body: {"first_name":"Sandbad","last_name":"Nomad","email":"sandi@village.com","password":"[FILTERED]","repeat_password":"[FILTERED]"}
2025-01-27 16:44:00 [INFO]: New user created: user_id(7) 
2025-01-27 16:47:43 [ERROR]: Validation errors: [{"type":"field","value":"","msg":"Password is required","path":"password","location":"body"},{"type":"field","value":"","msg":"Password must be at least 6 characters long","path":"password","location":"body"}]
2025-01-27 16:48:23 [ERROR]: Validation errors: [{"type":"field","value":"11111","msg":"Password must be at least 6 characters long","path":"password","location":"body"}]
2025-01-27 16:48:29 [INFO]: Incoming request to POST /users/login
2025-01-27 16:48:29 [INFO]: Request body: {"email":"sandi@village.com","password":"[FILTERED]"}
2025-01-27 16:48:29 [INFO]: Login Check Matched Found: user_id(7)
2025-01-27 16:48:29 [ERROR]: [userHandlers > userLogin] User login failed: email or password is wrong!
2025-01-27 16:48:36 [INFO]: Incoming request to POST /users/login
2025-01-27 16:48:36 [INFO]: Request body: {"email":"sandi@village.com","password":"[FILTERED]"}
2025-01-27 16:48:36 [INFO]: Login Check Matched Found: user_id(7)
2025-01-27 16:48:37 [INFO]: User logged in: user_id(7)
2025-01-27 16:51:05 [INFO]: Server is running on port 3000
2025-01-27 16:51:05 [INFO]: [sessionMiddleware > - redisClient.connect()] => Redis client succesfully connected.
